

Started GET "/" for 10.0.2.2 at 2014-01-12 03:16:28 +0000
Processing by Rails::WelcomeController#index as HTML
  Rendered /usr/local/rvm/gems/ruby-2.1.0/gems/railties-4.0.2/lib/rails/templates/rails/welcome/index.html.erb (1.8ms)
Completed 200 OK in 27ms (Views: 9.0ms | ActiveRecord: 0.0ms)


Started GET "/" for 10.0.2.2 at 2014-01-12 03:38:56 +0000
Processing by Rails::WelcomeController#index as HTML
  Rendered /usr/local/rvm/gems/ruby-2.1.0/gems/railties-4.0.2/lib/rails/templates/rails/welcome/index.html.erb (1.7ms)
Completed 200 OK in 28ms (Views: 9.5ms | ActiveRecord: 0.0ms)


Started GET "/" for 10.0.2.2 at 2014-01-12 03:38:56 +0000
Processing by Rails::WelcomeController#index as HTML
  Rendered /usr/local/rvm/gems/ruby-2.1.0/gems/railties-4.0.2/lib/rails/templates/rails/welcome/index.html.erb (0.1ms)
Completed 200 OK in 7ms (Views: 5.9ms | ActiveRecord: 0.0ms)


Started GET "/" for 10.0.2.2 at 2014-01-12 03:38:59 +0000
Processing by Rails::WelcomeController#index as HTML
  Rendered /usr/local/rvm/gems/ruby-2.1.0/gems/railties-4.0.2/lib/rails/templates/rails/welcome/index.html.erb (0.1ms)
Completed 200 OK in 3ms (Views: 2.3ms | ActiveRecord: 0.0ms)


Started GET "/" for 10.0.2.2 at 2014-01-12 03:38:59 +0000
Processing by Rails::WelcomeController#index as HTML
  Rendered /usr/local/rvm/gems/ruby-2.1.0/gems/railties-4.0.2/lib/rails/templates/rails/welcome/index.html.erb (0.1ms)
Completed 200 OK in 3ms (Views: 2.7ms | ActiveRecord: 0.0ms)


Started GET "/index" for 10.0.2.2 at 2014-01-12 03:39:01 +0000

ActionController::RoutingError (No route matches [GET] "/index"):
  actionpack (4.0.2) lib/action_dispatch/middleware/debug_exceptions.rb:21:in `call'
  actionpack (4.0.2) lib/action_dispatch/middleware/show_exceptions.rb:30:in `call'
  railties (4.0.2) lib/rails/rack/logger.rb:38:in `call_app'
  railties (4.0.2) lib/rails/rack/logger.rb:20:in `block in call'
  activesupport (4.0.2) lib/active_support/tagged_logging.rb:67:in `block in tagged'
  activesupport (4.0.2) lib/active_support/tagged_logging.rb:25:in `tagged'
  activesupport (4.0.2) lib/active_support/tagged_logging.rb:67:in `tagged'
  railties (4.0.2) lib/rails/rack/logger.rb:20:in `call'
  actionpack (4.0.2) lib/action_dispatch/middleware/request_id.rb:21:in `call'
  rack (1.5.2) lib/rack/methodoverride.rb:21:in `call'
  rack (1.5.2) lib/rack/runtime.rb:17:in `call'
  activesupport (4.0.2) lib/active_support/cache/strategy/local_cache.rb:83:in `call'
  rack (1.5.2) lib/rack/lock.rb:17:in `call'
  actionpack (4.0.2) lib/action_dispatch/middleware/static.rb:64:in `call'
  rack (1.5.2) lib/rack/sendfile.rb:112:in `call'
  railties (4.0.2) lib/rails/engine.rb:511:in `call'
  railties (4.0.2) lib/rails/application.rb:97:in `call'
  rack (1.5.2) lib/rack/lock.rb:17:in `call'
  rack (1.5.2) lib/rack/content_length.rb:14:in `call'
  rack (1.5.2) lib/rack/handler/webrick.rb:60:in `service'
  /usr/local/rvm/rubies/ruby-2.1.0/lib/ruby/2.1.0/webrick/httpserver.rb:138:in `service'
  /usr/local/rvm/rubies/ruby-2.1.0/lib/ruby/2.1.0/webrick/httpserver.rb:94:in `run'
  /usr/local/rvm/rubies/ruby-2.1.0/lib/ruby/2.1.0/webrick/server.rb:295:in `block in start_thread'


  Rendered /usr/local/rvm/gems/ruby-2.1.0/gems/actionpack-4.0.2/lib/action_dispatch/middleware/templates/rescues/_trace.erb (1.1ms)
  Rendered /usr/local/rvm/gems/ruby-2.1.0/gems/actionpack-4.0.2/lib/action_dispatch/middleware/templates/routes/_route.html.erb (1.8ms)
  Rendered /usr/local/rvm/gems/ruby-2.1.0/gems/actionpack-4.0.2/lib/action_dispatch/middleware/templates/routes/_table.html.erb (7.8ms)
  Rendered /usr/local/rvm/gems/ruby-2.1.0/gems/actionpack-4.0.2/lib/action_dispatch/middleware/templates/rescues/routing_error.erb within rescues/layout (38.3ms)


Started GET "/" for 10.0.2.2 at 2014-01-12 03:39:09 +0000
Processing by Rails::WelcomeController#index as HTML
  Rendered /usr/local/rvm/gems/ruby-2.1.0/gems/railties-4.0.2/lib/rails/templates/rails/welcome/index.html.erb (0.1ms)
Completed 200 OK in 3ms (Views: 2.6ms | ActiveRecord: 0.0ms)


Started GET "/articles" for 10.0.2.2 at 2014-01-12 03:39:10 +0000
Processing by ArticlesController#index as HTML
Completed 500 Internal Server Error in 9ms

ActionView::MissingTemplate (Missing template articles/index, application/index with {:locale=>[:en], :formats=>[:html], :handlers=>[:erb, :builder, :raw, :ruby, :jbuilder, :coffee]}. Searched in:
  * "/home/vagrant/code/articles_app/app/views"
):
  actionpack (4.0.2) lib/action_view/path_set.rb:46:in `find'
  actionpack (4.0.2) lib/action_view/lookup_context.rb:122:in `find'
  actionpack (4.0.2) lib/action_view/renderer/abstract_renderer.rb:18:in `find_template'
  actionpack (4.0.2) lib/action_view/renderer/template_renderer.rb:35:in `determine_template'
  actionpack (4.0.2) lib/action_view/renderer/template_renderer.rb:8:in `render'
  actionpack (4.0.2) lib/action_view/renderer/renderer.rb:42:in `render_template'
  actionpack (4.0.2) lib/action_view/renderer/renderer.rb:23:in `render'
  actionpack (4.0.2) lib/abstract_controller/rendering.rb:127:in `_render_template'
  actionpack (4.0.2) lib/action_controller/metal/streaming.rb:219:in `_render_template'
  actionpack (4.0.2) lib/abstract_controller/rendering.rb:120:in `render_to_body'
  actionpack (4.0.2) lib/action_controller/metal/rendering.rb:33:in `render_to_body'
  actionpack (4.0.2) lib/action_controller/metal/renderers.rb:26:in `render_to_body'
  actionpack (4.0.2) lib/abstract_controller/rendering.rb:97:in `render'
  actionpack (4.0.2) lib/action_controller/metal/rendering.rb:16:in `render'
  actionpack (4.0.2) lib/action_controller/metal/instrumentation.rb:41:in `block (2 levels) in render'
  activesupport (4.0.2) lib/active_support/core_ext/benchmark.rb:12:in `block in ms'
  /usr/local/rvm/rubies/ruby-2.1.0/lib/ruby/2.1.0/benchmark.rb:294:in `realtime'
  activesupport (4.0.2) lib/active_support/core_ext/benchmark.rb:12:in `ms'
  actionpack (4.0.2) lib/action_controller/metal/instrumentation.rb:41:in `block in render'
  actionpack (4.0.2) lib/action_controller/metal/instrumentation.rb:84:in `cleanup_view_runtime'
  activerecord (4.0.2) lib/active_record/railties/controller_runtime.rb:25:in `cleanup_view_runtime'
  actionpack (4.0.2) lib/action_controller/metal/instrumentation.rb:40:in `render'
  actionpack (4.0.2) lib/action_controller/metal/implicit_render.rb:10:in `default_render'
  actionpack (4.0.2) lib/action_controller/metal/implicit_render.rb:5:in `send_action'
  actionpack (4.0.2) lib/abstract_controller/base.rb:189:in `process_action'
  actionpack (4.0.2) lib/action_controller/metal/rendering.rb:10:in `process_action'
  actionpack (4.0.2) lib/abstract_controller/callbacks.rb:18:in `block in process_action'
  activesupport (4.0.2) lib/active_support/callbacks.rb:403:in `_run__989538789108097389__process_action__callbacks'
  activesupport (4.0.2) lib/active_support/callbacks.rb:80:in `run_callbacks'
  actionpack (4.0.2) lib/abstract_controller/callbacks.rb:17:in `process_action'
  actionpack (4.0.2) lib/action_controller/metal/rescue.rb:29:in `process_action'
  actionpack (4.0.2) lib/action_controller/metal/instrumentation.rb:31:in `block in process_action'
  activesupport (4.0.2) lib/active_support/notifications.rb:159:in `block in instrument'
  activesupport (4.0.2) lib/active_support/notifications/instrumenter.rb:20:in `instrument'
  activesupport (4.0.2) lib/active_support/notifications.rb:159:in `instrument'
  actionpack (4.0.2) lib/action_controller/metal/instrumentation.rb:30:in `process_action'
  actionpack (4.0.2) lib/action_controller/metal/params_wrapper.rb:245:in `process_action'
  activerecord (4.0.2) lib/active_record/railties/controller_runtime.rb:18:in `process_action'
  actionpack (4.0.2) lib/abstract_controller/base.rb:136:in `process'
  actionpack (4.0.2) lib/abstract_controller/rendering.rb:44:in `process'
  actionpack (4.0.2) lib/action_controller/metal.rb:195:in `dispatch'
  actionpack (4.0.2) lib/action_controller/metal/rack_delegation.rb:13:in `dispatch'
  actionpack (4.0.2) lib/action_controller/metal.rb:231:in `block in action'
  actionpack (4.0.2) lib/action_dispatch/routing/route_set.rb:80:in `call'
  actionpack (4.0.2) lib/action_dispatch/routing/route_set.rb:80:in `dispatch'
  actionpack (4.0.2) lib/action_dispatch/routing/route_set.rb:48:in `call'
  actionpack (4.0.2) lib/action_dispatch/journey/router.rb:71:in `block in call'
  actionpack (4.0.2) lib/action_dispatch/journey/router.rb:59:in `each'
  actionpack (4.0.2) lib/action_dispatch/journey/router.rb:59:in `call'
  actionpack (4.0.2) lib/action_dispatch/routing/route_set.rb:680:in `call'
  rack (1.5.2) lib/rack/etag.rb:23:in `call'
  rack (1.5.2) lib/rack/conditionalget.rb:25:in `call'
  rack (1.5.2) lib/rack/head.rb:11:in `call'
  actionpack (4.0.2) lib/action_dispatch/middleware/params_parser.rb:27:in `call'
  actionpack (4.0.2) lib/action_dispatch/middleware/flash.rb:241:in `call'
  rack (1.5.2) lib/rack/session/abstract/id.rb:225:in `context'
  rack (1.5.2) lib/rack/session/abstract/id.rb:220:in `call'
  actionpack (4.0.2) lib/action_dispatch/middleware/cookies.rb:486:in `call'
  activerecord (4.0.2) lib/active_record/query_cache.rb:36:in `call'
  activerecord (4.0.2) lib/active_record/connection_adapters/abstract/connection_pool.rb:626:in `call'
  activerecord (4.0.2) lib/active_record/migration.rb:369:in `call'
  actionpack (4.0.2) lib/action_dispatch/middleware/callbacks.rb:29:in `block in call'
  activesupport (4.0.2) lib/active_support/callbacks.rb:373:in `_run__1752942056704963220__call__callbacks'
  activesupport (4.0.2) lib/active_support/callbacks.rb:80:in `run_callbacks'
  actionpack (4.0.2) lib/action_dispatch/middleware/callbacks.rb:27:in `call'
  actionpack (4.0.2) lib/action_dispatch/middleware/reloader.rb:64:in `call'
  actionpack (4.0.2) lib/action_dispatch/middleware/remote_ip.rb:76:in `call'
  actionpack (4.0.2) lib/action_dispatch/middleware/debug_exceptions.rb:17:in `call'
  actionpack (4.0.2) lib/action_dispatch/middleware/show_exceptions.rb:30:in `call'
  railties (4.0.2) lib/rails/rack/logger.rb:38:in `call_app'
  railties (4.0.2) lib/rails/rack/logger.rb:20:in `block in call'
  activesupport (4.0.2) lib/active_support/tagged_logging.rb:67:in `block in tagged'
  activesupport (4.0.2) lib/active_support/tagged_logging.rb:25:in `tagged'
  activesupport (4.0.2) lib/active_support/tagged_logging.rb:67:in `tagged'
  railties (4.0.2) lib/rails/rack/logger.rb:20:in `call'
  actionpack (4.0.2) lib/action_dispatch/middleware/request_id.rb:21:in `call'
  rack (1.5.2) lib/rack/methodoverride.rb:21:in `call'
  rack (1.5.2) lib/rack/runtime.rb:17:in `call'
  activesupport (4.0.2) lib/active_support/cache/strategy/local_cache.rb:83:in `call'
  rack (1.5.2) lib/rack/lock.rb:17:in `call'
  actionpack (4.0.2) lib/action_dispatch/middleware/static.rb:64:in `call'
  rack (1.5.2) lib/rack/sendfile.rb:112:in `call'
  railties (4.0.2) lib/rails/engine.rb:511:in `call'
  railties (4.0.2) lib/rails/application.rb:97:in `call'
  rack (1.5.2) lib/rack/lock.rb:17:in `call'
  rack (1.5.2) lib/rack/content_length.rb:14:in `call'
  rack (1.5.2) lib/rack/handler/webrick.rb:60:in `service'
  /usr/local/rvm/rubies/ruby-2.1.0/lib/ruby/2.1.0/webrick/httpserver.rb:138:in `service'
  /usr/local/rvm/rubies/ruby-2.1.0/lib/ruby/2.1.0/webrick/httpserver.rb:94:in `run'
  /usr/local/rvm/rubies/ruby-2.1.0/lib/ruby/2.1.0/webrick/server.rb:295:in `block in start_thread'


  Rendered /usr/local/rvm/gems/ruby-2.1.0/gems/actionpack-4.0.2/lib/action_dispatch/middleware/templates/rescues/missing_template.erb within rescues/layout (1.0ms)


Started GET "/articles" for 10.0.2.2 at 2014-01-12 03:47:33 +0000
Processing by ArticlesController#index as HTML
  Rendered articles/index.html.erb within layouts/application (1.2ms)
Completed 200 OK in 589ms (Views: 571.9ms | ActiveRecord: 0.0ms)


Started GET "/assets/application.css?body=1" for 10.0.2.2 at 2014-01-12 03:47:34 +0000


Started GET "/assets/jquery.js?body=1" for 10.0.2.2 at 2014-01-12 03:47:34 +0000


Started GET "/assets/application.js?body=1" for 10.0.2.2 at 2014-01-12 03:47:34 +0000


Started GET "/assets/jquery_ujs.js?body=1" for 10.0.2.2 at 2014-01-12 03:47:34 +0000


Started GET "/assets/turbolinks.js?body=1" for 10.0.2.2 at 2014-01-12 03:47:34 +0000


Started GET "/assets/articles.css?body=1" for 10.0.2.2 at 2014-01-12 03:47:34 +0000


Started GET "/assets/articles.js?body=1" for 10.0.2.2 at 2014-01-12 03:47:34 +0000


Started GET "/" for 10.0.2.2 at 2014-01-12 03:47:34 +0000
Processing by Rails::WelcomeController#index as HTML
  Rendered /usr/local/rvm/gems/ruby-2.1.0/gems/railties-4.0.2/lib/rails/templates/rails/welcome/index.html.erb (1.6ms)
Completed 200 OK in 9ms (Views: 5.9ms | ActiveRecord: 0.0ms)


Started GET "/" for 10.0.2.2 at 2014-01-12 03:47:35 +0000
Processing by Rails::WelcomeController#index as HTML
  Rendered /usr/local/rvm/gems/ruby-2.1.0/gems/railties-4.0.2/lib/rails/templates/rails/welcome/index.html.erb (0.2ms)
Completed 200 OK in 6ms (Views: 3.9ms | ActiveRecord: 0.0ms)


Started GET "/" for 10.0.2.2 at 2014-01-12 03:47:39 +0000
Processing by Rails::WelcomeController#index as HTML
  Rendered /usr/local/rvm/gems/ruby-2.1.0/gems/railties-4.0.2/lib/rails/templates/rails/welcome/index.html.erb (0.1ms)
Completed 200 OK in 5ms (Views: 3.5ms | ActiveRecord: 0.0ms)


Started GET "/" for 10.0.2.2 at 2014-01-12 03:47:39 +0000
Processing by Rails::WelcomeController#index as HTML
  Rendered /usr/local/rvm/gems/ruby-2.1.0/gems/railties-4.0.2/lib/rails/templates/rails/welcome/index.html.erb (0.1ms)
Completed 200 OK in 3ms (Views: 2.4ms | ActiveRecord: 0.0ms)


Started GET "/articles" for 10.0.2.2 at 2014-01-12 03:47:41 +0000
Processing by ArticlesController#index as HTML
  Rendered articles/index.html.erb within layouts/application (0.2ms)
Completed 200 OK in 10ms (Views: 8.7ms | ActiveRecord: 0.0ms)


Started GET "/assets/articles.css?body=1" for 10.0.2.2 at 2014-01-12 03:47:41 +0000


Started GET "/assets/application.css?body=1" for 10.0.2.2 at 2014-01-12 03:47:41 +0000


Started GET "/assets/articles.js?body=1" for 10.0.2.2 at 2014-01-12 03:47:41 +0000


Started GET "/assets/turbolinks.js?body=1" for 10.0.2.2 at 2014-01-12 03:47:41 +0000


Started GET "/assets/application.js?body=1" for 10.0.2.2 at 2014-01-12 03:47:41 +0000


Started GET "/assets/jquery_ujs.js?body=1" for 10.0.2.2 at 2014-01-12 03:47:41 +0000


Started GET "/assets/jquery.js?body=1" for 10.0.2.2 at 2014-01-12 03:47:41 +0000


Started GET "/articles" for 10.0.2.2 at 2014-01-12 03:47:43 +0000
Processing by ArticlesController#index as HTML
  Rendered articles/index.html.erb within layouts/application (0.1ms)
Completed 200 OK in 6ms (Views: 5.4ms | ActiveRecord: 0.0ms)


Started GET "/assets/application.css?body=1" for 10.0.2.2 at 2014-01-12 03:47:43 +0000


Started GET "/assets/jquery_ujs.js?body=1" for 10.0.2.2 at 2014-01-12 03:47:43 +0000


Started GET "/assets/turbolinks.js?body=1" for 10.0.2.2 at 2014-01-12 03:47:43 +0000


Started GET "/assets/articles.js?body=1" for 10.0.2.2 at 2014-01-12 03:47:43 +0000


Started GET "/assets/application.js?body=1" for 10.0.2.2 at 2014-01-12 03:47:43 +0000


Started GET "/assets/articles.css?body=1" for 10.0.2.2 at 2014-01-12 03:47:43 +0000


Started GET "/assets/jquery.js?body=1" for 10.0.2.2 at 2014-01-12 03:47:43 +0000


Started GET "/" for 10.0.2.2 at 2014-01-12 03:48:53 +0000
Processing by Rails::WelcomeController#index as HTML
  Rendered /usr/local/rvm/gems/ruby-2.1.0/gems/railties-4.0.2/lib/rails/templates/rails/welcome/index.html.erb (1.5ms)
Completed 200 OK in 30ms (Views: 8.0ms | ActiveRecord: 0.0ms)


Started GET "/articles/show" for 10.0.2.2 at 2014-01-12 03:48:55 +0000
Processing by ArticlesController#show as HTML
  Parameters: {"id"=>"show"}
  Rendered articles/show.html.erb within layouts/application (0.4ms)
Completed 200 OK in 37ms (Views: 35.1ms | ActiveRecord: 0.0ms)


Started GET "/assets/application.css?body=1" for 10.0.2.2 at 2014-01-12 03:48:55 +0000


Started GET "/assets/articles.css?body=1" for 10.0.2.2 at 2014-01-12 03:48:55 +0000


Started GET "/assets/turbolinks.js?body=1" for 10.0.2.2 at 2014-01-12 03:48:55 +0000


Started GET "/assets/jquery_ujs.js?body=1" for 10.0.2.2 at 2014-01-12 03:48:55 +0000


Started GET "/assets/application.js?body=1" for 10.0.2.2 at 2014-01-12 03:48:55 +0000


Started GET "/assets/jquery.js?body=1" for 10.0.2.2 at 2014-01-12 03:48:55 +0000


Started GET "/assets/articles.js?body=1" for 10.0.2.2 at 2014-01-12 03:48:55 +0000


Started GET "/articles" for 10.0.2.2 at 2014-01-12 03:48:59 +0000
Processing by ArticlesController#index as HTML
  Rendered articles/index.html.erb within layouts/application (0.8ms)
Completed 200 OK in 13ms (Views: 11.2ms | ActiveRecord: 0.0ms)


Started GET "/assets/application.css?body=1" for 10.0.2.2 at 2014-01-12 03:48:59 +0000


Started GET "/assets/articles.js?body=1" for 10.0.2.2 at 2014-01-12 03:48:59 +0000


Started GET "/assets/jquery_ujs.js?body=1" for 10.0.2.2 at 2014-01-12 03:48:59 +0000


Started GET "/assets/application.js?body=1" for 10.0.2.2 at 2014-01-12 03:48:59 +0000


Started GET "/assets/turbolinks.js?body=1" for 10.0.2.2 at 2014-01-12 03:48:59 +0000


Started GET "/assets/jquery.js?body=1" for 10.0.2.2 at 2014-01-12 03:48:59 +0000


Started GET "/articles/show" for 10.0.2.2 at 2014-01-12 03:49:02 +0000
Processing by ArticlesController#show as HTML
  Parameters: {"id"=>"show"}
  Rendered articles/show.html.erb within layouts/application (0.1ms)
Completed 200 OK in 5ms (Views: 4.7ms | ActiveRecord: 0.0ms)


Started GET "/assets/application.css?body=1" for 10.0.2.2 at 2014-01-12 03:49:02 +0000


Started GET "/assets/articles.css?body=1" for 10.0.2.2 at 2014-01-12 03:49:02 +0000


Started GET "/assets/jquery.js?body=1" for 10.0.2.2 at 2014-01-12 03:49:02 +0000


Started GET "/assets/jquery_ujs.js?body=1" for 10.0.2.2 at 2014-01-12 03:49:02 +0000


Started GET "/assets/application.js?body=1" for 10.0.2.2 at 2014-01-12 03:49:02 +0000


Started GET "/assets/turbolinks.js?body=1" for 10.0.2.2 at 2014-01-12 03:49:02 +0000


Started GET "/assets/articles.js?body=1" for 10.0.2.2 at 2014-01-12 03:49:02 +0000


Started GET "/articles/show" for 10.0.2.2 at 2014-01-12 03:49:44 +0000
Processing by ArticlesController#show as HTML
  Parameters: {"id"=>"show"}
  Rendered articles/show.html.erb within layouts/application (1.4ms)
Completed 200 OK in 61ms (Views: 40.3ms | ActiveRecord: 0.0ms)


Started GET "/assets/application.css?body=1" for 10.0.2.2 at 2014-01-12 03:49:45 +0000


Started GET "/assets/articles.css?body=1" for 10.0.2.2 at 2014-01-12 03:49:45 +0000


Started GET "/assets/application.js?body=1" for 10.0.2.2 at 2014-01-12 03:49:45 +0000


Started GET "/assets/jquery_ujs.js?body=1" for 10.0.2.2 at 2014-01-12 03:49:45 +0000


Started GET "/assets/articles.js?body=1" for 10.0.2.2 at 2014-01-12 03:49:45 +0000


Started GET "/assets/turbolinks.js?body=1" for 10.0.2.2 at 2014-01-12 03:49:45 +0000


Started GET "/assets/jquery.js?body=1" for 10.0.2.2 at 2014-01-12 03:49:45 +0000


Started GET "/articles/nre" for 10.0.2.2 at 2014-01-12 03:49:50 +0000
Processing by ArticlesController#show as HTML
  Parameters: {"id"=>"nre"}
  Rendered articles/show.html.erb within layouts/application (0.1ms)
Completed 200 OK in 9ms (Views: 8.0ms | ActiveRecord: 0.0ms)


Started GET "/assets/articles.css?body=1" for 10.0.2.2 at 2014-01-12 03:49:50 +0000


Started GET "/assets/application.css?body=1" for 10.0.2.2 at 2014-01-12 03:49:50 +0000


Started GET "/assets/articles.js?body=1" for 10.0.2.2 at 2014-01-12 03:49:50 +0000


Started GET "/assets/jquery.js?body=1" for 10.0.2.2 at 2014-01-12 03:49:50 +0000


Started GET "/assets/turbolinks.js?body=1" for 10.0.2.2 at 2014-01-12 03:49:50 +0000


Started GET "/assets/jquery_ujs.js?body=1" for 10.0.2.2 at 2014-01-12 03:49:50 +0000


Started GET "/assets/application.js?body=1" for 10.0.2.2 at 2014-01-12 03:49:50 +0000


Started GET "/articles/nre" for 10.0.2.2 at 2014-01-12 03:49:53 +0000
Processing by ArticlesController#show as HTML
  Parameters: {"id"=>"nre"}
  Rendered articles/show.html.erb within layouts/application (0.1ms)
Completed 200 OK in 6ms (Views: 5.1ms | ActiveRecord: 0.0ms)


Started GET "/assets/application.css?body=1" for 10.0.2.2 at 2014-01-12 03:49:53 +0000


Started GET "/assets/application.js?body=1" for 10.0.2.2 at 2014-01-12 03:49:53 +0000


Started GET "/assets/articles.css?body=1" for 10.0.2.2 at 2014-01-12 03:49:53 +0000


Started GET "/assets/jquery_ujs.js?body=1" for 10.0.2.2 at 2014-01-12 03:49:53 +0000


Started GET "/assets/jquery.js?body=1" for 10.0.2.2 at 2014-01-12 03:49:53 +0000


Started GET "/assets/articles.js?body=1" for 10.0.2.2 at 2014-01-12 03:49:53 +0000


Started GET "/assets/turbolinks.js?body=1" for 10.0.2.2 at 2014-01-12 03:49:53 +0000


Started GET "/articles/new" for 10.0.2.2 at 2014-01-12 03:49:54 +0000
Processing by ArticlesController#new as HTML
  Rendered articles/new.html.erb within layouts/application (0.9ms)
Completed 200 OK in 11ms (Views: 9.7ms | ActiveRecord: 0.0ms)


Started GET "/assets/application.css?body=1" for 10.0.2.2 at 2014-01-12 03:49:54 +0000


Started GET "/assets/articles.css?body=1" for 10.0.2.2 at 2014-01-12 03:49:54 +0000


Started GET "/assets/jquery.js?body=1" for 10.0.2.2 at 2014-01-12 03:49:54 +0000


Started GET "/assets/application.js?body=1" for 10.0.2.2 at 2014-01-12 03:49:54 +0000


Started GET "/assets/articles.js?body=1" for 10.0.2.2 at 2014-01-12 03:49:54 +0000


Started GET "/assets/jquery_ujs.js?body=1" for 10.0.2.2 at 2014-01-12 03:49:54 +0000


Started GET "/assets/turbolinks.js?body=1" for 10.0.2.2 at 2014-01-12 03:49:54 +0000
  [1m[36m (4.7ms)[0m  [1mCREATE TABLE "schema_migrations" ("version" varchar(255) NOT NULL) [0m
  [1m[35m (2.7ms)[0m  CREATE UNIQUE INDEX "unique_schema_migrations" ON "schema_migrations" ("version")
  [1m[36mActiveRecord::SchemaMigration Load (0.1ms)[0m  [1mSELECT "schema_migrations".* FROM "schema_migrations"[0m
Migrating to CreateArticles (20140112040320)
  [1m[35m (0.1ms)[0m  begin transaction
  [1m[36m (0.5ms)[0m  [1mCREATE TABLE "articles" ("id" INTEGER PRIMARY KEY AUTOINCREMENT NOT NULL, "title" varchar(255), "body" text, "created_at" datetime, "updated_at" datetime) [0m
  [1m[35mSQL (0.4ms)[0m  INSERT INTO "schema_migrations" ("version") VALUES (?)  [["version", "20140112040320"]]
  [1m[36m (3.7ms)[0m  [1mcommit transaction[0m
  [1m[35mActiveRecord::SchemaMigration Load (0.1ms)[0m  SELECT "schema_migrations".* FROM "schema_migrations"


Started GET "/" for 10.0.2.2 at 2014-01-12 04:35:08 +0000
  [1m[36mActiveRecord::SchemaMigration Load (0.4ms)[0m  [1mSELECT "schema_migrations".* FROM "schema_migrations"[0m
Processing by Rails::WelcomeController#index as HTML
  Rendered /usr/local/rvm/gems/ruby-2.1.0/gems/railties-4.0.2/lib/rails/templates/rails/welcome/index.html.erb (3.9ms)
Completed 200 OK in 44ms (Views: 20.8ms | ActiveRecord: 0.0ms)


Started GET "/" for 10.0.2.2 at 2014-01-12 04:35:13 +0000
Processing by Rails::WelcomeController#index as HTML
  Rendered /usr/local/rvm/gems/ruby-2.1.0/gems/railties-4.0.2/lib/rails/templates/rails/welcome/index.html.erb (0.1ms)
Completed 200 OK in 3ms (Views: 2.2ms | ActiveRecord: 0.0ms)


Started GET "/" for 10.0.2.2 at 2014-01-12 04:35:13 +0000
Processing by Rails::WelcomeController#index as HTML
  Rendered /usr/local/rvm/gems/ruby-2.1.0/gems/railties-4.0.2/lib/rails/templates/rails/welcome/index.html.erb (0.1ms)
Completed 200 OK in 5ms (Views: 3.5ms | ActiveRecord: 0.0ms)


Started GET "/articles" for 10.0.2.2 at 2014-01-12 04:35:13 +0000
Processing by ArticlesController#index as HTML
  [1m[35mArticle Load (0.8ms)[0m  SELECT "articles".* FROM "articles"
  Rendered articles/index.html.erb within layouts/application (7.8ms)
Completed 200 OK in 56ms (Views: 52.4ms | ActiveRecord: 0.8ms)


Started GET "/assets/application.css?body=1" for 10.0.2.2 at 2014-01-12 04:35:13 +0000


Started GET "/assets/articles.css?body=1" for 10.0.2.2 at 2014-01-12 04:35:13 +0000


Started GET "/assets/turbolinks.js?body=1" for 10.0.2.2 at 2014-01-12 04:35:13 +0000


Started GET "/assets/articles.js?body=1" for 10.0.2.2 at 2014-01-12 04:35:13 +0000


Started GET "/assets/jquery.js?body=1" for 10.0.2.2 at 2014-01-12 04:35:13 +0000


Started GET "/assets/jquery_ujs.js?body=1" for 10.0.2.2 at 2014-01-12 04:35:13 +0000


Started GET "/assets/application.js?body=1" for 10.0.2.2 at 2014-01-12 04:35:13 +0000


Started GET "/articles/new" for 10.0.2.2 at 2014-01-12 04:35:17 +0000
Processing by ArticlesController#new as HTML
  Rendered articles/new.html.erb within layouts/application (0.6ms)
Completed 200 OK in 9ms (Views: 7.1ms | ActiveRecord: 0.0ms)


Started GET "/articles" for 10.0.2.2 at 2014-01-12 04:43:18 +0000
  [1m[36mActiveRecord::SchemaMigration Load (0.7ms)[0m  [1mSELECT "schema_migrations".* FROM "schema_migrations"[0m
Processing by ArticlesController#index as HTML
  [1m[35mArticle Load (0.4ms)[0m  SELECT "articles".* FROM "articles"
  Rendered articles/index.html.erb within layouts/application (7.9ms)
Completed 200 OK in 76ms (Views: 51.9ms | ActiveRecord: 0.4ms)


Started GET "/assets/application.css?body=1" for 10.0.2.2 at 2014-01-12 04:43:18 +0000


Started GET "/assets/articles.js?body=1" for 10.0.2.2 at 2014-01-12 04:43:18 +0000


Started GET "/assets/turbolinks.js?body=1" for 10.0.2.2 at 2014-01-12 04:43:18 +0000


Started GET "/assets/application.js?body=1" for 10.0.2.2 at 2014-01-12 04:43:18 +0000


Started GET "/assets/articles.css?body=1" for 10.0.2.2 at 2014-01-12 04:43:18 +0000


Started GET "/assets/jquery_ujs.js?body=1" for 10.0.2.2 at 2014-01-12 04:43:18 +0000


Started GET "/articles/new" for 10.0.2.2 at 2014-01-12 04:43:20 +0000
Processing by ArticlesController#new as HTML
  Rendered articles/new.html.erb within layouts/application (1.5ms)
Completed 200 OK in 9ms (Views: 7.6ms | ActiveRecord: 0.0ms)


Started GET "/articles/new" for 10.0.2.2 at 2014-01-12 04:43:31 +0000
Processing by ArticlesController#new as HTML
  Rendered articles/new.html.erb within layouts/application (0.1ms)
Completed 200 OK in 11ms (Views: 10.1ms | ActiveRecord: 0.0ms)


Started GET "/articles" for 10.0.2.2 at 2014-01-12 04:58:33 +0000
  [1m[36mActiveRecord::SchemaMigration Load (0.2ms)[0m  [1mSELECT "schema_migrations".* FROM "schema_migrations"[0m
Processing by ArticlesController#index as HTML
  [1m[35mArticle Load (0.3ms)[0m  SELECT "articles".* FROM "articles"
  Rendered articles/index.html.erb within layouts/application (4.4ms)
Completed 200 OK in 85ms (Views: 53.0ms | ActiveRecord: 0.3ms)


Started GET "/assets/application.css?body=1" for 10.0.2.2 at 2014-01-12 04:58:33 +0000


Started GET "/assets/articles.css?body=1" for 10.0.2.2 at 2014-01-12 04:58:33 +0000


Started GET "/assets/application.js?body=1" for 10.0.2.2 at 2014-01-12 04:58:33 +0000


Started GET "/assets/jquery.js?body=1" for 10.0.2.2 at 2014-01-12 04:58:33 +0000


Started GET "/assets/turbolinks.js?body=1" for 10.0.2.2 at 2014-01-12 04:58:33 +0000


Started GET "/assets/jquery_ujs.js?body=1" for 10.0.2.2 at 2014-01-12 04:58:33 +0000


Started GET "/assets/articles.js?body=1" for 10.0.2.2 at 2014-01-12 04:58:33 +0000


Started GET "/articles/new" for 10.0.2.2 at 2014-01-12 04:58:34 +0000
Processing by ArticlesController#new as HTML
  Rendered articles/new.html.erb within layouts/application (55.9ms)
Completed 500 Internal Server Error in 65ms

ActionView::Template::Error (undefined method `body' for #<ActionView::Helpers::FormBuilder:0x000000032112d8>):
    2: 
    3: <%= form_for @anArticle do |f| %>
    4:   <p><%= f.label :title %>: <%= f.text_field :title %></p>
    5:   <p><%= f.body  :body %>: <%= f.text_area :body %> </p>
    6:   <p><%= f.submit "Add Article" %> </p>
    7: 
    8: <% end %>
  app/views/articles/new.html.erb:5:in `block in _app_views_articles_new_html_erb__1861204859748186881_26452020'
  app/views/articles/new.html.erb:3:in `_app_views_articles_new_html_erb__1861204859748186881_26452020'


  Rendered /usr/local/rvm/gems/ruby-2.1.0/gems/actionpack-4.0.2/lib/action_dispatch/middleware/templates/rescues/_trace.erb (2.6ms)
  Rendered /usr/local/rvm/gems/ruby-2.1.0/gems/actionpack-4.0.2/lib/action_dispatch/middleware/templates/rescues/_request_and_response.erb (3.6ms)
  Rendered /usr/local/rvm/gems/ruby-2.1.0/gems/actionpack-4.0.2/lib/action_dispatch/middleware/templates/rescues/template_error.erb within rescues/layout (20.6ms)


Started GET "/articles/new" for 10.0.2.2 at 2014-01-12 04:58:34 +0000
Processing by ArticlesController#new as HTML
  Rendered articles/new.html.erb within layouts/application (16.3ms)
Completed 500 Internal Server Error in 25ms

ActionView::Template::Error (undefined method `body' for #<ActionView::Helpers::FormBuilder:0x00000001d1d188>):
    2: 
    3: <%= form_for @anArticle do |f| %>
    4:   <p><%= f.label :title %>: <%= f.text_field :title %></p>
    5:   <p><%= f.body  :body %>: <%= f.text_area :body %> </p>
    6:   <p><%= f.submit "Add Article" %> </p>
    7: 
    8: <% end %>
  app/views/articles/new.html.erb:5:in `block in _app_views_articles_new_html_erb__1861204859748186881_15364600'
  app/views/articles/new.html.erb:3:in `_app_views_articles_new_html_erb__1861204859748186881_15364600'


  Rendered /usr/local/rvm/gems/ruby-2.1.0/gems/actionpack-4.0.2/lib/action_dispatch/middleware/templates/rescues/_trace.erb (1.7ms)
  Rendered /usr/local/rvm/gems/ruby-2.1.0/gems/actionpack-4.0.2/lib/action_dispatch/middleware/templates/rescues/_request_and_response.erb (1.5ms)
  Rendered /usr/local/rvm/gems/ruby-2.1.0/gems/actionpack-4.0.2/lib/action_dispatch/middleware/templates/rescues/template_error.erb within rescues/layout (22.3ms)


Started GET "/articles/new" for 10.0.2.2 at 2014-01-12 05:05:26 +0000
  [1m[36mActiveRecord::SchemaMigration Load (0.1ms)[0m  [1mSELECT "schema_migrations".* FROM "schema_migrations"[0m
Processing by ArticlesController#new as HTML
  Rendered articles/new.html.erb within layouts/application (33.2ms)
Completed 200 OK in 121ms (Views: 90.8ms | ActiveRecord: 0.6ms)


Started GET "/assets/application.css?body=1" for 10.0.2.2 at 2014-01-12 05:05:27 +0000


Started GET "/assets/jquery.js?body=1" for 10.0.2.2 at 2014-01-12 05:05:27 +0000


Started GET "/assets/articles.js?body=1" for 10.0.2.2 at 2014-01-12 05:05:27 +0000


Started GET "/assets/turbolinks.js?body=1" for 10.0.2.2 at 2014-01-12 05:05:27 +0000


Started GET "/assets/jquery_ujs.js?body=1" for 10.0.2.2 at 2014-01-12 05:05:27 +0000


Started GET "/assets/articles.css?body=1" for 10.0.2.2 at 2014-01-12 05:05:27 +0000


Started GET "/assets/application.js?body=1" for 10.0.2.2 at 2014-01-12 05:05:27 +0000


Started GET "/articles/" for 10.0.2.2 at 2014-01-12 05:05:30 +0000
Processing by ArticlesController#index as HTML
  [1m[35mArticle Load (1.0ms)[0m  SELECT "articles".* FROM "articles"
  Rendered articles/index.html.erb within layouts/application (5.3ms)
Completed 200 OK in 13ms (Views: 10.4ms | ActiveRecord: 1.0ms)


Started GET "/assets/application.css?body=1" for 10.0.2.2 at 2014-01-12 05:05:30 +0000


Started GET "/assets/jquery_ujs.js?body=1" for 10.0.2.2 at 2014-01-12 05:05:30 +0000


Started GET "/assets/application.js?body=1" for 10.0.2.2 at 2014-01-12 05:05:30 +0000


Started GET "/assets/articles.js?body=1" for 10.0.2.2 at 2014-01-12 05:05:30 +0000


Started GET "/assets/turbolinks.js?body=1" for 10.0.2.2 at 2014-01-12 05:05:30 +0000


Started GET "/assets/jquery.js?body=1" for 10.0.2.2 at 2014-01-12 05:05:30 +0000


Started GET "/assets/articles.css?body=1" for 10.0.2.2 at 2014-01-12 05:05:30 +0000


Started GET "/articles/new" for 10.0.2.2 at 2014-01-12 05:05:32 +0000
Processing by ArticlesController#new as HTML
  Rendered articles/new.html.erb within layouts/application (3.3ms)
Completed 200 OK in 13ms (Views: 11.9ms | ActiveRecord: 0.0ms)


Started POST "/articles" for 10.0.2.2 at 2014-01-12 05:05:44 +0000
Processing by ArticlesController#create as HTML
  Parameters: {"utf8"=>"✓", "authenticity_token"=>"QR43CkrjqonZ5oHHO+t38tTSKvi1XJmcpGb/kYQ+WJA=", "article"=>{"title"=>"foo", "body"=>"bar"}, "commit"=>"Add Article"}
Completed 500 Internal Server Error in 6ms

NameError (undefined local variable or method `article_params' for #<ArticlesController:0x00000002c28d30>):
  app/controllers/articles_controller.rb:21:in `create'


  Rendered /usr/local/rvm/gems/ruby-2.1.0/gems/actionpack-4.0.2/lib/action_dispatch/middleware/templates/rescues/_source.erb (1.5ms)
  Rendered /usr/local/rvm/gems/ruby-2.1.0/gems/actionpack-4.0.2/lib/action_dispatch/middleware/templates/rescues/_trace.erb (2.5ms)
  Rendered /usr/local/rvm/gems/ruby-2.1.0/gems/actionpack-4.0.2/lib/action_dispatch/middleware/templates/rescues/_request_and_response.erb (1.5ms)
  Rendered /usr/local/rvm/gems/ruby-2.1.0/gems/actionpack-4.0.2/lib/action_dispatch/middleware/templates/rescues/diagnostics.erb within rescues/layout (29.2ms)


Started POST "/articles" for 10.0.2.2 at 2014-01-12 05:06:58 +0000
  [1m[36mActiveRecord::SchemaMigration Load (0.3ms)[0m  [1mSELECT "schema_migrations".* FROM "schema_migrations"[0m
Processing by ArticlesController#create as HTML
  Parameters: {"utf8"=>"✓", "authenticity_token"=>"QR43CkrjqonZ5oHHO+t38tTSKvi1XJmcpGb/kYQ+WJA=", "article"=>{"title"=>"foo", "body"=>"bar"}, "commit"=>"Add Article"}
Completed 400 Bad Request in 42ms

ActionController::ParameterMissing (param not found: anArticle):
  app/controllers/articles_controller.rb:17:in `article_params'
  app/controllers/articles_controller.rb:21:in `create'


  Rendered /usr/local/rvm/gems/ruby-2.1.0/gems/actionpack-4.0.2/lib/action_dispatch/middleware/templates/rescues/_source.erb (1.3ms)
  Rendered /usr/local/rvm/gems/ruby-2.1.0/gems/actionpack-4.0.2/lib/action_dispatch/middleware/templates/rescues/_trace.erb (2.1ms)
  Rendered /usr/local/rvm/gems/ruby-2.1.0/gems/actionpack-4.0.2/lib/action_dispatch/middleware/templates/rescues/_request_and_response.erb (1.7ms)
  Rendered /usr/local/rvm/gems/ruby-2.1.0/gems/actionpack-4.0.2/lib/action_dispatch/middleware/templates/rescues/diagnostics.erb within rescues/layout (25.7ms)


Started GET "/" for 10.0.2.2 at 2014-01-12 05:07:02 +0000
Processing by Rails::WelcomeController#index as HTML
  Rendered /usr/local/rvm/gems/ruby-2.1.0/gems/railties-4.0.2/lib/rails/templates/rails/welcome/index.html.erb (0.9ms)
Completed 200 OK in 5ms (Views: 3.5ms | ActiveRecord: 0.0ms)


Started GET "/" for 10.0.2.2 at 2014-01-12 05:07:02 +0000
Processing by Rails::WelcomeController#index as HTML
  Rendered /usr/local/rvm/gems/ruby-2.1.0/gems/railties-4.0.2/lib/rails/templates/rails/welcome/index.html.erb (0.0ms)
Completed 200 OK in 3ms (Views: 2.4ms | ActiveRecord: 0.0ms)


Started GET "/" for 10.0.2.2 at 2014-01-12 05:07:07 +0000
Processing by Rails::WelcomeController#index as HTML
  Rendered /usr/local/rvm/gems/ruby-2.1.0/gems/railties-4.0.2/lib/rails/templates/rails/welcome/index.html.erb (0.1ms)
Completed 200 OK in 3ms (Views: 2.7ms | ActiveRecord: 0.0ms)


Started GET "/" for 10.0.2.2 at 2014-01-12 05:07:07 +0000
Processing by Rails::WelcomeController#index as HTML
  Rendered /usr/local/rvm/gems/ruby-2.1.0/gems/railties-4.0.2/lib/rails/templates/rails/welcome/index.html.erb (0.1ms)
Completed 200 OK in 4ms (Views: 3.0ms | ActiveRecord: 0.0ms)


Started GET "/" for 10.0.2.2 at 2014-01-12 05:07:08 +0000
Processing by Rails::WelcomeController#index as HTML
  Rendered /usr/local/rvm/gems/ruby-2.1.0/gems/railties-4.0.2/lib/rails/templates/rails/welcome/index.html.erb (0.1ms)
Completed 200 OK in 7ms (Views: 5.9ms | ActiveRecord: 0.0ms)


Started GET "/" for 10.0.2.2 at 2014-01-12 05:07:08 +0000
Processing by Rails::WelcomeController#index as HTML
  Rendered /usr/local/rvm/gems/ruby-2.1.0/gems/railties-4.0.2/lib/rails/templates/rails/welcome/index.html.erb (0.1ms)
Completed 200 OK in 4ms (Views: 3.4ms | ActiveRecord: 0.0ms)


Started GET "/" for 10.0.2.2 at 2014-01-12 05:07:09 +0000
Processing by Rails::WelcomeController#index as HTML
  Rendered /usr/local/rvm/gems/ruby-2.1.0/gems/railties-4.0.2/lib/rails/templates/rails/welcome/index.html.erb (0.1ms)
Completed 200 OK in 5ms (Views: 3.9ms | ActiveRecord: 0.0ms)


Started GET "/" for 10.0.2.2 at 2014-01-12 05:07:09 +0000
Processing by Rails::WelcomeController#index as HTML
  Rendered /usr/local/rvm/gems/ruby-2.1.0/gems/railties-4.0.2/lib/rails/templates/rails/welcome/index.html.erb (0.1ms)
Completed 200 OK in 5ms (Views: 3.9ms | ActiveRecord: 0.0ms)


Started GET "/articles" for 10.0.2.2 at 2014-01-12 05:07:09 +0000
Processing by ArticlesController#index as HTML
  [1m[35mArticle Load (1.3ms)[0m  SELECT "articles".* FROM "articles"
  Rendered articles/index.html.erb within layouts/application (4.1ms)
Completed 200 OK in 49ms (Views: 46.2ms | ActiveRecord: 1.3ms)


Started GET "/assets/application.css?body=1" for 10.0.2.2 at 2014-01-12 05:07:09 +0000


Started GET "/assets/articles.css?body=1" for 10.0.2.2 at 2014-01-12 05:07:09 +0000


Started GET "/assets/jquery.js?body=1" for 10.0.2.2 at 2014-01-12 05:07:09 +0000


Started GET "/assets/jquery_ujs.js?body=1" for 10.0.2.2 at 2014-01-12 05:07:09 +0000


Started GET "/assets/application.js?body=1" for 10.0.2.2 at 2014-01-12 05:07:10 +0000


Started GET "/assets/turbolinks.js?body=1" for 10.0.2.2 at 2014-01-12 05:07:10 +0000


Started GET "/assets/articles.js?body=1" for 10.0.2.2 at 2014-01-12 05:07:10 +0000


Started GET "/articles/new" for 10.0.2.2 at 2014-01-12 05:07:12 +0000
Processing by ArticlesController#new as HTML
  Rendered articles/new.html.erb within layouts/application (26.8ms)
Completed 200 OK in 43ms (Views: 38.4ms | ActiveRecord: 0.9ms)


Started POST "/articles" for 10.0.2.2 at 2014-01-12 05:07:17 +0000
Processing by ArticlesController#create as HTML
  Parameters: {"utf8"=>"✓", "authenticity_token"=>"QR43CkrjqonZ5oHHO+t38tTSKvi1XJmcpGb/kYQ+WJA=", "article"=>{"title"=>"foo", "body"=>"bar\r\n"}, "commit"=>"Add Article"}
Completed 400 Bad Request in 1ms

ActionController::ParameterMissing (param not found: anArticle):
  app/controllers/articles_controller.rb:17:in `article_params'
  app/controllers/articles_controller.rb:21:in `create'


  Rendered /usr/local/rvm/gems/ruby-2.1.0/gems/actionpack-4.0.2/lib/action_dispatch/middleware/templates/rescues/_source.erb (1.0ms)
  Rendered /usr/local/rvm/gems/ruby-2.1.0/gems/actionpack-4.0.2/lib/action_dispatch/middleware/templates/rescues/_trace.erb (2.5ms)
  Rendered /usr/local/rvm/gems/ruby-2.1.0/gems/actionpack-4.0.2/lib/action_dispatch/middleware/templates/rescues/_request_and_response.erb (3.1ms)
  Rendered /usr/local/rvm/gems/ruby-2.1.0/gems/actionpack-4.0.2/lib/action_dispatch/middleware/templates/rescues/diagnostics.erb within rescues/layout (23.8ms)


Started GET "/articles" for 10.0.2.2 at 2014-01-12 05:09:24 +0000
  [1m[36mActiveRecord::SchemaMigration Load (0.2ms)[0m  [1mSELECT "schema_migrations".* FROM "schema_migrations"[0m
Processing by ArticlesController#index as HTML
  [1m[35mArticle Load (1.2ms)[0m  SELECT "articles".* FROM "articles"
  Rendered articles/index.html.erb within layouts/application (3.7ms)
Completed 200 OK in 65ms (Views: 38.4ms | ActiveRecord: 1.2ms)


Started GET "/assets/application.css?body=1" for 10.0.2.2 at 2014-01-12 05:09:24 +0000


Started GET "/assets/application.js?body=1" for 10.0.2.2 at 2014-01-12 05:09:24 +0000


Started GET "/assets/jquery.js?body=1" for 10.0.2.2 at 2014-01-12 05:09:24 +0000


Started GET "/assets/turbolinks.js?body=1" for 10.0.2.2 at 2014-01-12 05:09:24 +0000


Started GET "/assets/jquery_ujs.js?body=1" for 10.0.2.2 at 2014-01-12 05:09:24 +0000


Started GET "/assets/articles.js?body=1" for 10.0.2.2 at 2014-01-12 05:09:24 +0000


Started GET "/articles/new" for 10.0.2.2 at 2014-01-12 05:09:25 +0000
Processing by ArticlesController#new as HTML
  Rendered articles/new.html.erb within layouts/application (19.9ms)
Completed 200 OK in 27ms (Views: 25.3ms | ActiveRecord: 0.4ms)


Started POST "/articles" for 10.0.2.2 at 2014-01-12 05:09:30 +0000
Processing by ArticlesController#create as HTML
  Parameters: {"utf8"=>"✓", "authenticity_token"=>"QR43CkrjqonZ5oHHO+t38tTSKvi1XJmcpGb/kYQ+WJA=", "article"=>{"title"=>"herp", "body"=>"derp"}, "commit"=>"Add Article"}
Completed 400 Bad Request in 1ms

ActionController::ParameterMissing (param not found: anArticle):
  app/controllers/articles_controller.rb:17:in `articles_params'
  app/controllers/articles_controller.rb:21:in `create'


  Rendered /usr/local/rvm/gems/ruby-2.1.0/gems/actionpack-4.0.2/lib/action_dispatch/middleware/templates/rescues/_source.erb (1.1ms)
  Rendered /usr/local/rvm/gems/ruby-2.1.0/gems/actionpack-4.0.2/lib/action_dispatch/middleware/templates/rescues/_trace.erb (3.1ms)
  Rendered /usr/local/rvm/gems/ruby-2.1.0/gems/actionpack-4.0.2/lib/action_dispatch/middleware/templates/rescues/_request_and_response.erb (1.1ms)
  Rendered /usr/local/rvm/gems/ruby-2.1.0/gems/actionpack-4.0.2/lib/action_dispatch/middleware/templates/rescues/diagnostics.erb within rescues/layout (23.5ms)


Started GET "/articles" for 10.0.2.2 at 2014-01-12 05:10:21 +0000
  [1m[36mActiveRecord::SchemaMigration Load (0.1ms)[0m  [1mSELECT "schema_migrations".* FROM "schema_migrations"[0m
Processing by ArticlesController#index as HTML
  [1m[35mArticle Load (0.5ms)[0m  SELECT "articles".* FROM "articles"
  Rendered articles/index.html.erb within layouts/application (4.9ms)
Completed 200 OK in 69ms (Views: 40.0ms | ActiveRecord: 0.5ms)


Started GET "/assets/application.css?body=1" for 10.0.2.2 at 2014-01-12 05:10:21 +0000


Started GET "/assets/jquery.js?body=1" for 10.0.2.2 at 2014-01-12 05:10:21 +0000


Started GET "/assets/articles.js?body=1" for 10.0.2.2 at 2014-01-12 05:10:21 +0000


Started GET "/assets/turbolinks.js?body=1" for 10.0.2.2 at 2014-01-12 05:10:21 +0000


Started GET "/assets/application.js?body=1" for 10.0.2.2 at 2014-01-12 05:10:21 +0000


Started GET "/assets/jquery_ujs.js?body=1" for 10.0.2.2 at 2014-01-12 05:10:21 +0000


Started GET "/articles/new" for 10.0.2.2 at 2014-01-12 05:10:23 +0000
Processing by ArticlesController#new as HTML
  Rendered articles/new.html.erb within layouts/application (20.7ms)
Completed 200 OK in 33ms (Views: 28.8ms | ActiveRecord: 1.4ms)


Started POST "/articles" for 10.0.2.2 at 2014-01-12 05:10:26 +0000
Processing by ArticlesController#create as HTML
  Parameters: {"utf8"=>"✓", "authenticity_token"=>"QR43CkrjqonZ5oHHO+t38tTSKvi1XJmcpGb/kYQ+WJA=", "article"=>{"title"=>"sadf", "body"=>"asdf"}, "commit"=>"Add Article"}
  [1m[36m (0.5ms)[0m  [1mbegin transaction[0m
  [1m[35mSQL (8.8ms)[0m  INSERT INTO "articles" ("body", "created_at", "title", "updated_at") VALUES (?, ?, ?, ?)  [["body", "asdf"], ["created_at", Sun, 12 Jan 2014 05:10:26 UTC +00:00], ["title", "sadf"], ["updated_at", Sun, 12 Jan 2014 05:10:26 UTC +00:00]]
  [1m[36m (4.7ms)[0m  [1mcommit transaction[0m
Redirected to http://localhost:8080/articles
Completed 302 Found in 25ms (ActiveRecord: 14.0ms)


Started GET "/articles" for 10.0.2.2 at 2014-01-12 05:10:26 +0000
Processing by ArticlesController#index as HTML
  [1m[35mArticle Load (0.4ms)[0m  SELECT "articles".* FROM "articles"
  Rendered articles/index.html.erb within layouts/application (17.4ms)
Completed 500 Internal Server Error in 24ms

ActionView::Template::Error (undefined local variable or method `article' for #<#<Class:0x0000000294c440>:0x0000000286fec8>):
    4: <% @articles.each do |a| %>
    5: 
    6: 	<p>
    7: 	<%= link_to article.title, article %>
    8: 	</p>
    9: 	<hr/>
   10: <% end %>
  app/views/articles/index.html.erb:7:in `block in _app_views_articles_index_html_erb___2768482544319304240_21570460'
  app/views/articles/index.html.erb:4:in `_app_views_articles_index_html_erb___2768482544319304240_21570460'


  Rendered /usr/local/rvm/gems/ruby-2.1.0/gems/actionpack-4.0.2/lib/action_dispatch/middleware/templates/rescues/_trace.erb (2.0ms)
  Rendered /usr/local/rvm/gems/ruby-2.1.0/gems/actionpack-4.0.2/lib/action_dispatch/middleware/templates/rescues/_request_and_response.erb (1.2ms)
  Rendered /usr/local/rvm/gems/ruby-2.1.0/gems/actionpack-4.0.2/lib/action_dispatch/middleware/templates/rescues/template_error.erb within rescues/layout (15.3ms)


Started GET "/articles" for 10.0.2.2 at 2014-01-12 05:11:11 +0000
  [1m[36mActiveRecord::SchemaMigration Load (0.2ms)[0m  [1mSELECT "schema_migrations".* FROM "schema_migrations"[0m
Processing by ArticlesController#index as HTML
  [1m[35mArticle Load (0.4ms)[0m  SELECT "articles".* FROM "articles"
  Rendered articles/index.html.erb within layouts/application (24.8ms)
Completed 500 Internal Server Error in 54ms

ActionView::Template::Error (undefined local variable or method `article' for #<#<Class:0x00000003a1ed90>:0x00000003a1e0c0>):
    4: <% @articles.each do |a| %>
    5: 
    6: 	<p>
    7: 	<%= link_to article.title, anArticle %>
    8: 	</p>
    9: 	<hr/>
   10: <% end %>
  app/views/articles/index.html.erb:7:in `block in _app_views_articles_index_html_erb__2480796949105976432_30193160'
  app/views/articles/index.html.erb:4:in `_app_views_articles_index_html_erb__2480796949105976432_30193160'


  Rendered /usr/local/rvm/gems/ruby-2.1.0/gems/actionpack-4.0.2/lib/action_dispatch/middleware/templates/rescues/_trace.erb (1.8ms)
  Rendered /usr/local/rvm/gems/ruby-2.1.0/gems/actionpack-4.0.2/lib/action_dispatch/middleware/templates/rescues/_request_and_response.erb (1.8ms)
  Rendered /usr/local/rvm/gems/ruby-2.1.0/gems/actionpack-4.0.2/lib/action_dispatch/middleware/templates/rescues/template_error.erb within rescues/layout (16.4ms)


Started GET "/articles" for 10.0.2.2 at 2014-01-12 05:11:14 +0000
Processing by ArticlesController#index as HTML
  [1m[36mArticle Load (0.3ms)[0m  [1mSELECT "articles".* FROM "articles"[0m
  Rendered articles/index.html.erb within layouts/application (17.2ms)
Completed 500 Internal Server Error in 22ms

ActionView::Template::Error (undefined local variable or method `article' for #<#<Class:0x00000003a1ed90>:0x00000001cf42d8>):
    4: <% @articles.each do |a| %>
    5: 
    6: 	<p>
    7: 	<%= link_to article.title, anArticle %>
    8: 	</p>
    9: 	<hr/>
   10: <% end %>
  app/views/articles/index.html.erb:7:in `block in _app_views_articles_index_html_erb__2480796949105976432_30193160'
  app/views/articles/index.html.erb:4:in `_app_views_articles_index_html_erb__2480796949105976432_30193160'


  Rendered /usr/local/rvm/gems/ruby-2.1.0/gems/actionpack-4.0.2/lib/action_dispatch/middleware/templates/rescues/_trace.erb (1.4ms)
  Rendered /usr/local/rvm/gems/ruby-2.1.0/gems/actionpack-4.0.2/lib/action_dispatch/middleware/templates/rescues/_request_and_response.erb (1.6ms)
  Rendered /usr/local/rvm/gems/ruby-2.1.0/gems/actionpack-4.0.2/lib/action_dispatch/middleware/templates/rescues/template_error.erb within rescues/layout (13.1ms)


Started GET "/articles" for 10.0.2.2 at 2014-01-12 05:11:35 +0000
  [1m[36mActiveRecord::SchemaMigration Load (0.1ms)[0m  [1mSELECT "schema_migrations".* FROM "schema_migrations"[0m
Processing by ArticlesController#index as HTML
  [1m[35mArticle Load (0.3ms)[0m  SELECT "articles".* FROM "articles"
  Rendered articles/index.html.erb within layouts/application (23.8ms)
Completed 500 Internal Server Error in 55ms

ActionView::Template::Error (undefined local variable or method `anArticle' for #<#<Class:0x00000002a6b2e0>:0x00000002a6a4f8>):
    4: <% @articles.each do |a| %>
    5: 
    6: 	<p>
    7: 	<%= link_to anArticle.title, anArticle %>
    8: 	</p>
    9: 	<hr/>
   10: <% end %>
  app/views/articles/index.html.erb:7:in `block in _app_views_articles_index_html_erb__2257790619272574477_21947780'
  app/views/articles/index.html.erb:4:in `_app_views_articles_index_html_erb__2257790619272574477_21947780'


  Rendered /usr/local/rvm/gems/ruby-2.1.0/gems/actionpack-4.0.2/lib/action_dispatch/middleware/templates/rescues/_trace.erb (3.7ms)
  Rendered /usr/local/rvm/gems/ruby-2.1.0/gems/actionpack-4.0.2/lib/action_dispatch/middleware/templates/rescues/_request_and_response.erb (1.5ms)
  Rendered /usr/local/rvm/gems/ruby-2.1.0/gems/actionpack-4.0.2/lib/action_dispatch/middleware/templates/rescues/template_error.erb within rescues/layout (15.6ms)


Started GET "/articles" for 10.0.2.2 at 2014-01-12 05:14:18 +0000
  [1m[36mActiveRecord::SchemaMigration Load (0.2ms)[0m  [1mSELECT "schema_migrations".* FROM "schema_migrations"[0m
Processing by ArticlesController#index as HTML
  [1m[35mArticle Load (0.3ms)[0m  SELECT "articles".* FROM "articles"
  Rendered articles/index.html.erb within layouts/application (24.0ms)
Completed 500 Internal Server Error in 68ms

ActionView::Template::Error (undefined local variable or method `anArticle' for #<#<Class:0x00000002cbbe78>:0x00000002cbb108>):
    4: <% @articles.each do |a| %>
    5: 
    6: 	<p>
    7: 	<%= link_to anArticle.title, anArticle %>
    8: 	</p>
    9: 	<hr/>
   10: <% end %>
  app/views/articles/index.html.erb:7:in `block in _app_views_articles_index_html_erb___2986173087862378491_23185140'
  app/views/articles/index.html.erb:4:in `_app_views_articles_index_html_erb___2986173087862378491_23185140'


  Rendered /usr/local/rvm/gems/ruby-2.1.0/gems/actionpack-4.0.2/lib/action_dispatch/middleware/templates/rescues/_trace.erb (6.2ms)
  Rendered /usr/local/rvm/gems/ruby-2.1.0/gems/actionpack-4.0.2/lib/action_dispatch/middleware/templates/rescues/_request_and_response.erb (1.4ms)
  Rendered /usr/local/rvm/gems/ruby-2.1.0/gems/actionpack-4.0.2/lib/action_dispatch/middleware/templates/rescues/template_error.erb within rescues/layout (19.1ms)


Started GET "/articles" for 10.0.2.2 at 2014-01-12 05:16:31 +0000
  [1m[36mActiveRecord::SchemaMigration Load (0.2ms)[0m  [1mSELECT "schema_migrations".* FROM "schema_migrations"[0m
Processing by ArticlesController#index as HTML
  [1m[35mArticle Load (0.4ms)[0m  SELECT "articles".* FROM "articles"
  Rendered articles/index.html.erb within layouts/application (24.4ms)
Completed 500 Internal Server Error in 55ms

ActionView::Template::Error (undefined local variable or method `article' for #<#<Class:0x00000003343930>:0x0000000333edb8>):
    4: <% @articles.each do |a| %>
    5: 
    6: 	<p>
    7: 	<%= link_to article.title, article %>
    8: 	</p>
    9: 	<hr/>
   10: <% end %>
  app/views/articles/index.html.erb:7:in `block in _app_views_articles_index_html_erb___1170938165631161576_26581980'
  app/views/articles/index.html.erb:4:in `_app_views_articles_index_html_erb___1170938165631161576_26581980'


  Rendered /usr/local/rvm/gems/ruby-2.1.0/gems/actionpack-4.0.2/lib/action_dispatch/middleware/templates/rescues/_trace.erb (3.4ms)
  Rendered /usr/local/rvm/gems/ruby-2.1.0/gems/actionpack-4.0.2/lib/action_dispatch/middleware/templates/rescues/_request_and_response.erb (1.3ms)
  Rendered /usr/local/rvm/gems/ruby-2.1.0/gems/actionpack-4.0.2/lib/action_dispatch/middleware/templates/rescues/template_error.erb within rescues/layout (17.8ms)


Started GET "/" for 10.0.2.2 at 2014-01-12 05:16:35 +0000
Processing by Rails::WelcomeController#index as HTML
  Rendered /usr/local/rvm/gems/ruby-2.1.0/gems/railties-4.0.2/lib/rails/templates/rails/welcome/index.html.erb (0.8ms)
Completed 200 OK in 5ms (Views: 3.3ms | ActiveRecord: 0.0ms)


Started GET "/" for 10.0.2.2 at 2014-01-12 05:16:36 +0000
Processing by Rails::WelcomeController#index as HTML
  Rendered /usr/local/rvm/gems/ruby-2.1.0/gems/railties-4.0.2/lib/rails/templates/rails/welcome/index.html.erb (0.1ms)
Completed 200 OK in 5ms (Views: 3.9ms | ActiveRecord: 0.0ms)


Started GET "/articles" for 10.0.2.2 at 2014-01-12 05:16:40 +0000
Processing by ArticlesController#index as HTML
  [1m[36mArticle Load (0.2ms)[0m  [1mSELECT "articles".* FROM "articles"[0m
  Rendered articles/index.html.erb within layouts/application (12.7ms)
Completed 500 Internal Server Error in 16ms

ActionView::Template::Error (undefined local variable or method `article' for #<#<Class:0x00000003343930>:0x00000003a7ead8>):
    4: <% @articles.each do |a| %>
    5: 
    6: 	<p>
    7: 	<%= link_to article.title, article %>
    8: 	</p>
    9: 	<hr/>
   10: <% end %>
  app/views/articles/index.html.erb:7:in `block in _app_views_articles_index_html_erb___1170938165631161576_26581980'
  app/views/articles/index.html.erb:4:in `_app_views_articles_index_html_erb___1170938165631161576_26581980'


  Rendered /usr/local/rvm/gems/ruby-2.1.0/gems/actionpack-4.0.2/lib/action_dispatch/middleware/templates/rescues/_trace.erb (2.0ms)
  Rendered /usr/local/rvm/gems/ruby-2.1.0/gems/actionpack-4.0.2/lib/action_dispatch/middleware/templates/rescues/_request_and_response.erb (2.5ms)
  Rendered /usr/local/rvm/gems/ruby-2.1.0/gems/actionpack-4.0.2/lib/action_dispatch/middleware/templates/rescues/template_error.erb within rescues/layout (15.7ms)


Started GET "/articles" for 10.0.2.2 at 2014-01-12 05:17:26 +0000
  [1m[36mActiveRecord::SchemaMigration Load (0.3ms)[0m  [1mSELECT "schema_migrations".* FROM "schema_migrations"[0m
Processing by ArticlesController#index as HTML
  [1m[35mArticle Load (0.2ms)[0m  SELECT "articles".* FROM "articles"
  Rendered articles/index.html.erb within layouts/application (11.1ms)
Completed 200 OK in 76ms (Views: 51.6ms | ActiveRecord: 0.6ms)


Started GET "/assets/application.css?body=1" for 10.0.2.2 at 2014-01-12 05:17:26 +0000


Started GET "/assets/application.js?body=1" for 10.0.2.2 at 2014-01-12 05:17:26 +0000


Started GET "/assets/articles.js?body=1" for 10.0.2.2 at 2014-01-12 05:17:26 +0000


Started GET "/assets/turbolinks.js?body=1" for 10.0.2.2 at 2014-01-12 05:17:26 +0000


Started GET "/assets/jquery.js?body=1" for 10.0.2.2 at 2014-01-12 05:17:26 +0000


Started GET "/assets/articles.css?body=1" for 10.0.2.2 at 2014-01-12 05:17:26 +0000


Started GET "/assets/jquery_ujs.js?body=1" for 10.0.2.2 at 2014-01-12 05:17:26 +0000


Started GET "/articles/new" for 10.0.2.2 at 2014-01-12 05:17:31 +0000
Processing by ArticlesController#new as HTML
  Rendered articles/new.html.erb within layouts/application (18.2ms)
Completed 200 OK in 24ms (Views: 22.9ms | ActiveRecord: 0.0ms)


Started POST "/articles" for 10.0.2.2 at 2014-01-12 05:17:37 +0000
Processing by ArticlesController#create as HTML
  Parameters: {"utf8"=>"✓", "authenticity_token"=>"QR43CkrjqonZ5oHHO+t38tTSKvi1XJmcpGb/kYQ+WJA=", "article"=>{"title"=>"herp", "body"=>"derp"}, "commit"=>"Add Article"}
  [1m[36m (0.1ms)[0m  [1mbegin transaction[0m
  [1m[35mSQL (4.4ms)[0m  INSERT INTO "articles" ("body", "created_at", "title", "updated_at") VALUES (?, ?, ?, ?)  [["body", "derp"], ["created_at", Sun, 12 Jan 2014 05:17:37 UTC +00:00], ["title", "herp"], ["updated_at", Sun, 12 Jan 2014 05:17:37 UTC +00:00]]
  [1m[36m (3.9ms)[0m  [1mcommit transaction[0m
Redirected to http://localhost:8080/articles
Completed 302 Found in 19ms (ActiveRecord: 8.4ms)


Started GET "/articles" for 10.0.2.2 at 2014-01-12 05:17:37 +0000
Processing by ArticlesController#index as HTML
  [1m[35mArticle Load (0.0ms)[0m  SELECT "articles".* FROM "articles"
  Rendered articles/index.html.erb within layouts/application (3.6ms)
Completed 200 OK in 12ms (Views: 10.5ms | ActiveRecord: 0.0ms)


Started GET "/assets/application.css?body=1" for 10.0.2.2 at 2014-01-12 05:17:37 +0000


Started GET "/assets/jquery.js?body=1" for 10.0.2.2 at 2014-01-12 05:17:37 +0000


Started GET "/assets/jquery_ujs.js?body=1" for 10.0.2.2 at 2014-01-12 05:17:37 +0000


Started GET "/assets/turbolinks.js?body=1" for 10.0.2.2 at 2014-01-12 05:17:37 +0000


Started GET "/assets/application.js?body=1" for 10.0.2.2 at 2014-01-12 05:17:37 +0000


Started GET "/assets/articles.js?body=1" for 10.0.2.2 at 2014-01-12 05:17:37 +0000


Started GET "/articles/2" for 10.0.2.2 at 2014-01-12 05:17:39 +0000
Processing by ArticlesController#show as HTML
  Parameters: {"id"=>"2"}
  [1m[36mArticle Load (0.6ms)[0m  [1mSELECT "articles".* FROM "articles" WHERE "articles"."id" = ? LIMIT 1[0m  [["id", "2"]]
  Rendered articles/show.html.erb within layouts/application (4.8ms)
Completed 500 Internal Server Error in 15ms

ActionView::Template::Error (undefined method `created' for #<Article:0x00000001cb9980>):
    2: <h2> <%= @article.title %> </h2>
    3: <p> <%= @article.body %> </p>
    4: 
    5: <p> <%= @article.created %> </p>
    6: <p>
    7: <%= link_to "Edit", edit_article(@article) %> ::
    8: <%= link_to "Delete", @article, :confirm => "Are you sure?", :method => :delete %>
  app/views/articles/show.html.erb:5:in `_app_views_articles_show_html_erb___4056241166737580334_15049360'


  Rendered /usr/local/rvm/gems/ruby-2.1.0/gems/actionpack-4.0.2/lib/action_dispatch/middleware/templates/rescues/_trace.erb (1.7ms)
  Rendered /usr/local/rvm/gems/ruby-2.1.0/gems/actionpack-4.0.2/lib/action_dispatch/middleware/templates/rescues/_request_and_response.erb (1.4ms)
  Rendered /usr/local/rvm/gems/ruby-2.1.0/gems/actionpack-4.0.2/lib/action_dispatch/middleware/templates/rescues/template_error.erb within rescues/layout (12.7ms)


Started GET "/articles/2" for 10.0.2.2 at 2014-01-12 05:17:39 +0000
Processing by ArticlesController#show as HTML
  Parameters: {"id"=>"2"}
  [1m[35mArticle Load (0.2ms)[0m  SELECT "articles".* FROM "articles" WHERE "articles"."id" = ? LIMIT 1  [["id", "2"]]
  Rendered articles/show.html.erb within layouts/application (3.6ms)
Completed 500 Internal Server Error in 11ms

ActionView::Template::Error (undefined method `created' for #<Article:0x00000003b172b0>):
    2: <h2> <%= @article.title %> </h2>
    3: <p> <%= @article.body %> </p>
    4: 
    5: <p> <%= @article.created %> </p>
    6: <p>
    7: <%= link_to "Edit", edit_article(@article) %> ::
    8: <%= link_to "Delete", @article, :confirm => "Are you sure?", :method => :delete %>
  app/views/articles/show.html.erb:5:in `_app_views_articles_show_html_erb___4056241166737580334_30974420'


  Rendered /usr/local/rvm/gems/ruby-2.1.0/gems/actionpack-4.0.2/lib/action_dispatch/middleware/templates/rescues/_trace.erb (1.8ms)
  Rendered /usr/local/rvm/gems/ruby-2.1.0/gems/actionpack-4.0.2/lib/action_dispatch/middleware/templates/rescues/_request_and_response.erb (1.6ms)
  Rendered /usr/local/rvm/gems/ruby-2.1.0/gems/actionpack-4.0.2/lib/action_dispatch/middleware/templates/rescues/template_error.erb within rescues/layout (15.3ms)


Started GET "/articles/" for 10.0.2.2 at 2014-01-12 05:18:37 +0000
  [1m[36mActiveRecord::SchemaMigration Load (0.2ms)[0m  [1mSELECT "schema_migrations".* FROM "schema_migrations"[0m
Processing by ArticlesController#index as HTML
  [1m[35mArticle Load (0.3ms)[0m  SELECT "articles".* FROM "articles"
  Rendered articles/index.html.erb within layouts/application (11.7ms)
Completed 200 OK in 68ms (Views: 46.0ms | ActiveRecord: 0.9ms)


Started GET "/articles" for 10.0.2.2 at 2014-01-12 05:18:37 +0000
Processing by ArticlesController#index as HTML
  [1m[36mArticle Load (0.2ms)[0m  [1mSELECT "articles".* FROM "articles"[0m
  Rendered articles/index.html.erb within layouts/application (3.3ms)
Completed 200 OK in 19ms (Views: 16.1ms | ActiveRecord: 0.2ms)


Started GET "/assets/application.css?body=1" for 10.0.2.2 at 2014-01-12 05:18:37 +0000


Started GET "/assets/articles.css?body=1" for 10.0.2.2 at 2014-01-12 05:18:37 +0000


Started GET "/assets/articles.js?body=1" for 10.0.2.2 at 2014-01-12 05:18:37 +0000


Started GET "/assets/application.js?body=1" for 10.0.2.2 at 2014-01-12 05:18:37 +0000


Started GET "/assets/turbolinks.js?body=1" for 10.0.2.2 at 2014-01-12 05:18:37 +0000


Started GET "/assets/jquery_ujs.js?body=1" for 10.0.2.2 at 2014-01-12 05:18:37 +0000


Started GET "/assets/jquery.js?body=1" for 10.0.2.2 at 2014-01-12 05:18:37 +0000


Started GET "/articles" for 10.0.2.2 at 2014-01-12 05:18:37 +0000
Processing by ArticlesController#index as HTML
  [1m[35mArticle Load (0.3ms)[0m  SELECT "articles".* FROM "articles"
  Rendered articles/index.html.erb within layouts/application (4.8ms)
Completed 200 OK in 12ms (Views: 10.7ms | ActiveRecord: 0.3ms)


Started GET "/assets/application.css?body=1" for 10.0.2.2 at 2014-01-12 05:18:37 +0000


Started GET "/assets/jquery.js?body=1" for 10.0.2.2 at 2014-01-12 05:18:37 +0000


Started GET "/assets/application.js?body=1" for 10.0.2.2 at 2014-01-12 05:18:37 +0000


Started GET "/assets/turbolinks.js?body=1" for 10.0.2.2 at 2014-01-12 05:18:37 +0000


Started GET "/assets/jquery_ujs.js?body=1" for 10.0.2.2 at 2014-01-12 05:18:37 +0000


Started GET "/assets/articles.js?body=1" for 10.0.2.2 at 2014-01-12 05:18:37 +0000


Started GET "/articles/2" for 10.0.2.2 at 2014-01-12 05:18:40 +0000
Processing by ArticlesController#show as HTML
  Parameters: {"id"=>"2"}
  [1m[36mArticle Load (0.4ms)[0m  [1mSELECT "articles".* FROM "articles" WHERE "articles"."id" = ? LIMIT 1[0m  [["id", "2"]]
  Rendered articles/show.html.erb within layouts/application (18.3ms)
Completed 500 Internal Server Error in 27ms

ActionView::Template::Error (undefined method `edit_article' for #<#<Class:0x000000045c9c30>:0x000000044e8d70>):
    4: 
    5: <p> <%= @article.created_at %> </p>
    6: <p>
    7: <%= link_to "Edit", edit_article(@article) %> ::
    8: <%= link_to "Delete", @article, :confirm => "Are you sure?", :method => :delete %>
    9: </p>
  app/views/articles/show.html.erb:7:in `_app_views_articles_show_html_erb__3770858900724757744_36116820'


  Rendered /usr/local/rvm/gems/ruby-2.1.0/gems/actionpack-4.0.2/lib/action_dispatch/middleware/templates/rescues/_trace.erb (3.5ms)
  Rendered /usr/local/rvm/gems/ruby-2.1.0/gems/actionpack-4.0.2/lib/action_dispatch/middleware/templates/rescues/_request_and_response.erb (1.4ms)
  Rendered /usr/local/rvm/gems/ruby-2.1.0/gems/actionpack-4.0.2/lib/action_dispatch/middleware/templates/rescues/template_error.erb within rescues/layout (17.1ms)


Started GET "/articles/2" for 10.0.2.2 at 2014-01-12 05:18:40 +0000
Processing by ArticlesController#show as HTML
  Parameters: {"id"=>"2"}
  [1m[35mArticle Load (0.3ms)[0m  SELECT "articles".* FROM "articles" WHERE "articles"."id" = ? LIMIT 1  [["id", "2"]]
  Rendered articles/show.html.erb within layouts/application (13.6ms)
Completed 500 Internal Server Error in 21ms

ActionView::Template::Error (undefined method `edit_article' for #<#<Class:0x000000045c9c30>:0x00000002832938>):
    4: 
    5: <p> <%= @article.created_at %> </p>
    6: <p>
    7: <%= link_to "Edit", edit_article(@article) %> ::
    8: <%= link_to "Delete", @article, :confirm => "Are you sure?", :method => :delete %>
    9: </p>
  app/views/articles/show.html.erb:7:in `_app_views_articles_show_html_erb__3770858900724757744_21059820'


  Rendered /usr/local/rvm/gems/ruby-2.1.0/gems/actionpack-4.0.2/lib/action_dispatch/middleware/templates/rescues/_trace.erb (2.0ms)
  Rendered /usr/local/rvm/gems/ruby-2.1.0/gems/actionpack-4.0.2/lib/action_dispatch/middleware/templates/rescues/_request_and_response.erb (1.5ms)
  Rendered /usr/local/rvm/gems/ruby-2.1.0/gems/actionpack-4.0.2/lib/action_dispatch/middleware/templates/rescues/template_error.erb within rescues/layout (14.8ms)


Started GET "/articles" for 10.0.2.2 at 2014-01-12 05:23:01 +0000
  [1m[36mActiveRecord::SchemaMigration Load (0.2ms)[0m  [1mSELECT "schema_migrations".* FROM "schema_migrations"[0m
Processing by ArticlesController#index as HTML
  [1m[35mArticle Load (0.3ms)[0m  SELECT "articles".* FROM "articles"
  Rendered articles/index.html.erb within layouts/application (14.9ms)
Completed 200 OK in 86ms (Views: 57.2ms | ActiveRecord: 0.7ms)


Started GET "/assets/application.css?body=1" for 10.0.2.2 at 2014-01-12 05:23:02 +0000


Started GET "/assets/jquery.js?body=1" for 10.0.2.2 at 2014-01-12 05:23:02 +0000


Started GET "/assets/application.js?body=1" for 10.0.2.2 at 2014-01-12 05:23:02 +0000


Started GET "/assets/jquery_ujs.js?body=1" for 10.0.2.2 at 2014-01-12 05:23:02 +0000


Started GET "/assets/turbolinks.js?body=1" for 10.0.2.2 at 2014-01-12 05:23:02 +0000


Started GET "/assets/articles.js?body=1" for 10.0.2.2 at 2014-01-12 05:23:02 +0000


Started GET "/articles/2" for 10.0.2.2 at 2014-01-12 05:23:03 +0000
Processing by ArticlesController#show as HTML
  Parameters: {"id"=>"2"}
  [1m[36mArticle Load (0.7ms)[0m  [1mSELECT "articles".* FROM "articles" WHERE "articles"."id" = ? LIMIT 1[0m  [["id", "2"]]
DEPRECATION WARNING: :confirm option is deprecated and will be removed from Rails 4.1. Use 'data: { confirm: 'Text' }' instead. (called from _app_views_articles_show_html_erb___2520027063185247411_33906060 at /home/vagrant/code/articles_app/app/views/articles/show.html.erb:8)
  Rendered articles/show.html.erb within layouts/application (5.0ms)
Completed 200 OK in 19ms (Views: 11.3ms | ActiveRecord: 0.7ms)


Started GET "/articles/2/edit" for 10.0.2.2 at 2014-01-12 05:23:05 +0000
Processing by ArticlesController#edit as HTML
  Parameters: {"id"=>"2"}
  [1m[35mArticle Load (0.3ms)[0m  SELECT "articles".* FROM "articles" WHERE "articles"."id" = ? LIMIT 1  [["id", "2"]]
  Rendered articles/edit.html.erb within layouts/application (0.5ms)
Completed 200 OK in 12ms (Views: 8.2ms | ActiveRecord: 0.3ms)


Started DELETE "/articles/2" for 10.0.2.2 at 2014-01-12 05:23:12 +0000
Processing by ArticlesController#destroy as HTML
  Parameters: {"authenticity_token"=>"QR43CkrjqonZ5oHHO+t38tTSKvi1XJmcpGb/kYQ+WJA=", "id"=>"2"}
  [1m[36mArticle Load (0.2ms)[0m  [1mSELECT "articles".* FROM "articles" WHERE "articles"."id" = ? LIMIT 1[0m  [["id", "2"]]
  [1m[35m (0.2ms)[0m  begin transaction
  [1m[36mSQL (2.9ms)[0m  [1mDELETE FROM "articles" WHERE "articles"."id" = ?[0m  [["id", 2]]
  [1m[35m (5.4ms)[0m  commit transaction
Redirected to http://localhost:8080/articles
Completed 302 Found in 21ms (ActiveRecord: 8.8ms)


Started GET "/articles" for 10.0.2.2 at 2014-01-12 05:23:12 +0000
Processing by ArticlesController#index as HTML
  [1m[36mArticle Load (0.2ms)[0m  [1mSELECT "articles".* FROM "articles"[0m
  Rendered articles/index.html.erb within layouts/application (2.3ms)
Completed 200 OK in 9ms (Views: 8.1ms | ActiveRecord: 0.2ms)


Started GET "/assets/application.css?body=1" for 10.0.2.2 at 2014-01-12 05:23:12 +0000


Started GET "/assets/jquery_ujs.js?body=1" for 10.0.2.2 at 2014-01-12 05:23:12 +0000


Started GET "/assets/turbolinks.js?body=1" for 10.0.2.2 at 2014-01-12 05:23:12 +0000


Started GET "/assets/articles.js?body=1" for 10.0.2.2 at 2014-01-12 05:23:12 +0000


Started GET "/assets/application.js?body=1" for 10.0.2.2 at 2014-01-12 05:23:12 +0000


Started GET "/assets/jquery.js?body=1" for 10.0.2.2 at 2014-01-12 05:23:12 +0000
